<?xml version="1.0" encoding="UTF-8"?>
<!-- Generated by org.testng.reporters.JUnitReportReporter -->
<testsuite skipped="0" hostname="Laptop65" name="com.ci.LoginPage.testcase.Baseclass" tests="1" failures="0" timestamp="26 Jul 2022 16:02:50 GMT" time="7.017" errors="0">
  <testcase name="Logininpage" time="7.017" classname="com.ci.LoginPage.testcase.Baseclass"/>
</testsuite> <!-- com.ci.LoginPage.testcase.Baseclass -->
