<?xml version="1.0" encoding="UTF-8"?>
<!-- Generated by org.testng.reporters.JUnitReportReporter -->
<testsuite skipped="0" hostname="Laptop65" name="com.ci.testcase.Login_testcase" tests="1" failures="0" timestamp="22 Jul 2022 18:06:55 GMT" time="14.310" errors="0">
  <testcase name="Logininpage" time="14.310" classname="com.ci.testcase.Login_testcase"/>
</testsuite> <!-- com.ci.testcase.Login_testcase -->
